<?xml version="1.0" encoding="UTF-8" ?>
<testsuite tests="11" failures="0" name="org.apache.ddlutils.io.converters.TestTimeConverter" time="0.004" errors="0" skipped="0">
  <properties>
    <property name="java.runtime.name" value="OpenJDK Runtime Environment"/>
    <property name="sun.boot.library.path" value="/usr/lib/jvm/java-8-openjdk-amd64/jre/lib/amd64"/>
    <property name="java.vm.version" value="25.312-b07"/>
    <property name="java.vm.vendor" value="Private Build"/>
    <property name="java.vendor.url" value="http://java.oracle.com/"/>
    <property name="path.separator" value=":"/>
    <property name="java.vm.name" value="OpenJDK 64-Bit Server VM"/>
    <property name="file.encoding.pkg" value="sun.io"/>
    <property name="user.country" value="BR"/>
    <property name="sun.java.launcher" value="SUN_STANDARD"/>
    <property name="sun.os.patch.level" value="unknown"/>
    <property name="java.vm.specification.name" value="Java Virtual Machine Specification"/>
    <property name="user.dir" value="/home/yuri/eclipse-workspace-openbravoBR/com.openbravo-masterbr/ddlutils"/>
    <property name="java.runtime.version" value="1.8.0_312-8u312-b07-0ubuntu1~18.04-b07"/>
    <property name="java.awt.graphicsenv" value="sun.awt.X11GraphicsEnvironment"/>
    <property name="basedir" value="/home/yuri/eclipse-workspace-openbravoBR/com.openbravo-masterbr/ddlutils"/>
    <property name="java.endorsed.dirs" value="/usr/lib/jvm/java-8-openjdk-amd64/jre/lib/endorsed"/>
    <property name="os.arch" value="amd64"/>
    <property name="surefire.real.class.path" value="/home/yuri/eclipse-workspace-openbravoBR/com.openbravo-masterbr/ddlutils/target/surefire/surefirebooter3384709874401734829.jar"/>
    <property name="java.io.tmpdir" value="/tmp"/>
    <property name="line.separator" value="
"/>
    <property name="java.vm.specification.vendor" value="Oracle Corporation"/>
    <property name="os.name" value="Linux"/>
    <property name="sun.jnu.encoding" value="UTF-8"/>
    <property name="java.library.path" value="/usr/java/packages/lib/amd64:/usr/lib/x86_64-linux-gnu/jni:/lib/x86_64-linux-gnu:/usr/lib/x86_64-linux-gnu:/usr/lib/jni:/lib:/usr/lib"/>
    <property name="surefire.test.class.path" value="/home/yuri/eclipse-workspace-openbravoBR/com.openbravo-masterbr/ddlutils/target/test-classes:/home/yuri/eclipse-workspace-openbravoBR/com.openbravo-masterbr/ddlutils/target/classes:/home/yuri/.m2/repository/org/apache/ant/ant/1.9.4/ant-1.9.4.jar:/home/yuri/.m2/repository/org/apache/ant/ant-launcher/1.9.4/ant-launcher-1.9.4.jar:/home/yuri/.m2/repository/commons-beanutils/commons-beanutils/1.7.0/commons-beanutils-1.7.0.jar:/home/yuri/.m2/repository/commons-codec/commons-codec/1.3/commons-codec-1.3.jar:/home/yuri/.m2/repository/commons-collections/commons-collections/3.1/commons-collections-3.1.jar:/home/yuri/.m2/repository/commons-dbcp/commons-dbcp/1.2.1/commons-dbcp-1.2.1.jar:/home/yuri/.m2/repository/xml-apis/xml-apis/1.0.b2/xml-apis-1.0.b2.jar:/home/yuri/.m2/repository/xerces/xercesImpl/2.0.2/xercesImpl-2.0.2.jar:/home/yuri/.m2/repository/commons-lang/commons-lang/2.1/commons-lang-2.1.jar:/home/yuri/.m2/repository/commons-logging/commons-logging-api/1.0.4/commons-logging-api-1.0.4.jar:/home/yuri/.m2/repository/commons-logging/commons-logging/1.0.4/commons-logging-1.0.4.jar:/home/yuri/.m2/repository/commons-pool/commons-pool/1.2/commons-pool-1.2.jar:/home/yuri/.m2/repository/dom4j/dom4j/1.4/dom4j-1.4.jar:/home/yuri/.m2/repository/jaxen/jaxen/1.0-FCS/jaxen-1.0-FCS.jar:/home/yuri/.m2/repository/saxpath/saxpath/1.0-FCS/saxpath-1.0-FCS.jar:/home/yuri/.m2/repository/msv/msv/20020414/msv-20020414.jar:/home/yuri/.m2/repository/relaxngDatatype/relaxngDatatype/20020414/relaxngDatatype-20020414.jar:/home/yuri/.m2/repository/isorelax/isorelax/20020414/isorelax-20020414.jar:/home/yuri/.m2/repository/junit/junit/4.11/junit-4.11.jar:/home/yuri/.m2/repository/org/hamcrest/hamcrest-core/1.3/hamcrest-core-1.3.jar:/home/yuri/.m2/repository/log4j/log4j/1.2.8/log4j-1.2.8.jar:/home/yuri/.m2/repository/stax/stax-api/1.0.1/stax-api-1.0.1.jar:/home/yuri/.m2/repository/woodstox/wstx-asl/3.2.6/wstx-asl-3.2.6.jar:"/>
    <property name="java.specification.name" value="Java Platform API Specification"/>
    <property name="java.class.version" value="52.0"/>
    <property name="sun.management.compiler" value="HotSpot 64-Bit Tiered Compilers"/>
    <property name="os.version" value="5.4.0-110-generic"/>
    <property name="user.home" value="/home/yuri"/>
    <property name="user.timezone" value="America/Fortaleza"/>
    <property name="java.awt.printerjob" value="sun.print.PSPrinterJob"/>
    <property name="file.encoding" value="UTF-8"/>
    <property name="java.specification.version" value="1.8"/>
    <property name="user.name" value="yuri"/>
    <property name="java.class.path" value="/home/yuri/eclipse-workspace-openbravoBR/com.openbravo-masterbr/ddlutils/target/test-classes:/home/yuri/eclipse-workspace-openbravoBR/com.openbravo-masterbr/ddlutils/target/classes:/home/yuri/.m2/repository/org/apache/ant/ant/1.9.4/ant-1.9.4.jar:/home/yuri/.m2/repository/org/apache/ant/ant-launcher/1.9.4/ant-launcher-1.9.4.jar:/home/yuri/.m2/repository/commons-beanutils/commons-beanutils/1.7.0/commons-beanutils-1.7.0.jar:/home/yuri/.m2/repository/commons-codec/commons-codec/1.3/commons-codec-1.3.jar:/home/yuri/.m2/repository/commons-collections/commons-collections/3.1/commons-collections-3.1.jar:/home/yuri/.m2/repository/commons-dbcp/commons-dbcp/1.2.1/commons-dbcp-1.2.1.jar:/home/yuri/.m2/repository/xml-apis/xml-apis/1.0.b2/xml-apis-1.0.b2.jar:/home/yuri/.m2/repository/xerces/xercesImpl/2.0.2/xercesImpl-2.0.2.jar:/home/yuri/.m2/repository/commons-lang/commons-lang/2.1/commons-lang-2.1.jar:/home/yuri/.m2/repository/commons-logging/commons-logging-api/1.0.4/commons-logging-api-1.0.4.jar:/home/yuri/.m2/repository/commons-logging/commons-logging/1.0.4/commons-logging-1.0.4.jar:/home/yuri/.m2/repository/commons-pool/commons-pool/1.2/commons-pool-1.2.jar:/home/yuri/.m2/repository/dom4j/dom4j/1.4/dom4j-1.4.jar:/home/yuri/.m2/repository/jaxen/jaxen/1.0-FCS/jaxen-1.0-FCS.jar:/home/yuri/.m2/repository/saxpath/saxpath/1.0-FCS/saxpath-1.0-FCS.jar:/home/yuri/.m2/repository/msv/msv/20020414/msv-20020414.jar:/home/yuri/.m2/repository/relaxngDatatype/relaxngDatatype/20020414/relaxngDatatype-20020414.jar:/home/yuri/.m2/repository/isorelax/isorelax/20020414/isorelax-20020414.jar:/home/yuri/.m2/repository/junit/junit/4.11/junit-4.11.jar:/home/yuri/.m2/repository/org/hamcrest/hamcrest-core/1.3/hamcrest-core-1.3.jar:/home/yuri/.m2/repository/log4j/log4j/1.2.8/log4j-1.2.8.jar:/home/yuri/.m2/repository/stax/stax-api/1.0.1/stax-api-1.0.1.jar:/home/yuri/.m2/repository/woodstox/wstx-asl/3.2.6/wstx-asl-3.2.6.jar:"/>
    <property name="java.vm.specification.version" value="1.8"/>
    <property name="sun.arch.data.model" value="64"/>
    <property name="java.home" value="/usr/lib/jvm/java-8-openjdk-amd64/jre"/>
    <property name="sun.java.command" value="/home/yuri/eclipse-workspace-openbravoBR/com.openbravo-masterbr/ddlutils/target/surefire/surefirebooter3384709874401734829.jar /home/yuri/eclipse-workspace-openbravoBR/com.openbravo-masterbr/ddlutils/target/surefire/surefire1383431896429537285tmp /home/yuri/eclipse-workspace-openbravoBR/com.openbravo-masterbr/ddlutils/target/surefire/surefire8411387594051471183tmp"/>
    <property name="java.specification.vendor" value="Oracle Corporation"/>
    <property name="user.language" value="pt"/>
    <property name="awt.toolkit" value="sun.awt.X11.XToolkit"/>
    <property name="java.vm.info" value="mixed mode"/>
    <property name="java.version" value="1.8.0_312"/>
    <property name="java.ext.dirs" value="/usr/lib/jvm/java-8-openjdk-amd64/jre/lib/ext:/usr/java/packages/lib/ext"/>
    <property name="sun.boot.class.path" value="/usr/lib/jvm/java-8-openjdk-amd64/jre/lib/resources.jar:/usr/lib/jvm/java-8-openjdk-amd64/jre/lib/rt.jar:/usr/lib/jvm/java-8-openjdk-amd64/jre/lib/sunrsasign.jar:/usr/lib/jvm/java-8-openjdk-amd64/jre/lib/jsse.jar:/usr/lib/jvm/java-8-openjdk-amd64/jre/lib/jce.jar:/usr/lib/jvm/java-8-openjdk-amd64/jre/lib/charsets.jar:/usr/lib/jvm/java-8-openjdk-amd64/jre/lib/jfr.jar:/usr/lib/jvm/java-8-openjdk-amd64/jre/classes"/>
    <property name="java.vendor" value="Private Build"/>
    <property name="localRepository" value="/home/yuri/.m2/repository"/>
    <property name="file.separator" value="/"/>
    <property name="java.vendor.url.bug" value="http://bugreport.sun.com/bugreport/"/>
    <property name="sun.cpu.endian" value="little"/>
    <property name="sun.io.unicode.encoding" value="UnicodeLittle"/>
    <property name="sun.desktop" value="gnome"/>
    <property name="sun.cpu.isalist" value=""/>
  </properties>
  <testcase classname="org.apache.ddlutils.io.converters.TestTimeConverter" name="testConvertToStringWithWrongType" time="0"/>
  <testcase classname="org.apache.ddlutils.io.converters.TestTimeConverter" name="testConvertFromStringWithInvalidTextRep" time="0"/>
  <testcase classname="org.apache.ddlutils.io.converters.TestTimeConverter" name="testNormalConvertToString" time="0.001"/>
  <testcase classname="org.apache.ddlutils.io.converters.TestTimeConverter" name="testNormalConvertFromHoursMinutesSecondsTimeString" time="0"/>
  <testcase classname="org.apache.ddlutils.io.converters.TestTimeConverter" name="testConvertToStringWithNullTime" time="0"/>
  <testcase classname="org.apache.ddlutils.io.converters.TestTimeConverter" name="testNormalConvertFromIsoDateTimeString" time="0"/>
  <testcase classname="org.apache.ddlutils.io.converters.TestTimeConverter" name="testNormalConvertFromHoursMinutesTimeString" time="0.001"/>
  <testcase classname="org.apache.ddlutils.io.converters.TestTimeConverter" name="testConvertFromStringWithNullTextRep" time="0"/>
  <testcase classname="org.apache.ddlutils.io.converters.TestTimeConverter" name="testConvertFromStringWithAlphaTextRep" time="0"/>
  <testcase classname="org.apache.ddlutils.io.converters.TestTimeConverter" name="testConvertFromStringWithInvalidSqlType" time="0"/>
  <testcase classname="org.apache.ddlutils.io.converters.TestTimeConverter" name="testNormalConvertFromHoursTimeString" time="0"/>
</testsuite>